import time: self [us] | cumulative | imported package
import time:       110 |        110 |   _io
import time:        20 |         20 |   marshal
import time:       173 |        173 |   posix
import time:       488 |        790 | _frozen_importlib_external
import time:       675 |        675 |   time
import time:       152 |        827 | zipimport
import time:       109 |        109 |     _codecs
import time:       574 |        682 |   codecs
import time:       544 |        544 |   encodings.aliases
import time:       702 |       1927 | encodings
import time:       357 |        357 | encodings.utf_8
import time:        59 |         59 | _signal
import time:        30 |         30 |     _abc
import time:       392 |        422 |   abc
import time:       447 |        868 | io
import time:        33 |         33 |       _stat
import time:       275 |        307 |     stat
import time:       854 |        854 |     _collections_abc
import time:       162 |        162 |       genericpath
import time:       339 |        501 |     posixpath
import time:       629 |       2290 |   os
import time:       292 |        292 |   _sitebuiltins
import time:       580 |        580 |   _virtualenv
import time:        40 |         40 |   sitecustomize
import time:      1340 |       4540 | site
import time:       130 |        130 |       backend
import time:        89 |        218 |     backend.app
import time:       267 |        485 |   backend.app.auth
import time:       247 |        247 |         authlib.consts
import time:       341 |        588 |       authlib
import time:       211 |        798 |     authlib.integrations
import time:        98 |         98 |           authlib.common
import time:       190 |        287 |         authlib.common.errors
import time:       202 |        489 |       authlib.integrations.base_client.errors
import time:       366 |        366 |                 types
import time:       564 |        930 |               enum
import time:        40 |         40 |                 _sre
import time:       695 |        695 |                   sre_constants
import time:       381 |       1075 |                 sre_parse
import time:       362 |       1476 |               sre_compile
import time:        58 |         58 |                   itertools
import time:       139 |        139 |                   keyword
import time:        35 |         35 |                     _operator
import time:       305 |        340 |                   operator
import time:       225 |        225 |                   reprlib
import time:        74 |         74 |                   _collections
import time:       670 |       1503 |                 collections
import time:        28 |         28 |                 _functools
import time:       542 |       2072 |               functools
import time:        34 |         34 |               _locale
import time:       296 |        296 |               copyreg
import time:       446 |       5251 |             re
import time:       602 |        602 |               _json
import time:       349 |        951 |             json.scanner
import time:       408 |       6610 |           json.decoder
import time:       390 |        390 |           json.encoder
import time:       305 |       7304 |         json
import time:       131 |       7434 |       authlib.integrations.base_client.framework_integration
import time:       148 |        148 |       authlib.integrations.base_client.registry
import time:       248 |        248 |                 token
import time:       697 |        945 |               tokenize
import time:       264 |       1208 |             linecache
import time:       372 |       1580 |           traceback
import time:       349 |        349 |           warnings
import time:       232 |        232 |             _weakrefset
import time:       441 |        673 |           weakref
import time:       284 |        284 |           collections.abc
import time:        20 |         20 |             _string
import time:       505 |        524 |           string
import time:       578 |        578 |           threading
import time:        21 |         21 |           atexit
import time:      1286 |       5292 |         logging
import time:       458 |        458 |             math
import time:       268 |        268 |               _bisect
import time:       254 |        522 |             bisect
import time:       472 |        472 |             _random
import time:       286 |        286 |             _sha512
import time:       468 |       2204 |           random
import time:       130 |       2334 |         authlib.common.security
import time:       217 |        217 |             urllib
import time:       669 |        886 |           urllib.parse
import time:       405 |        405 |                 _struct
import time:       183 |        587 |               struct
import time:       357 |        357 |               binascii
import time:       267 |       1209 |             base64
import time:       120 |       1329 |           authlib.common.encoding
import time:       208 |       2422 |         authlib.common.urls
import time:       321 |      10368 |       authlib.integrations.base_client.sync_app
import time:       130 |        130 |         joserfc
import time:        92 |         92 |             joserfc._rfc7519
import time:       413 |        413 |               _datetime
import time:       685 |       1097 |             datetime
import time:       621 |        621 |               locale
import time:       448 |       1069 |             calendar
import time:       551 |        551 |               contextlib
import time:      1466 |       2017 |             typing
import time:       127 |        127 |             joserfc.util
import time:       389 |        389 |             joserfc.errors
import time:       360 |       5147 |           joserfc._rfc7519.claims
import time:       403 |        403 |           joserfc._rfc7519.security
import time:        96 |         96 |               joserfc._rfc7515
import time:       243 |        243 |                 joserfc.registry
import time:       154 |        396 |               joserfc._rfc7515.types
import time:       439 |        930 |             joserfc._rfc7515.model
import time:        91 |         91 |                   joserfc._rfc7517
import time:       156 |        247 |                 joserfc._rfc7517.types
import time:        88 |         88 |                   joserfc._rfc7518
import time:      1437 |       1437 |                       _hashlib
import time:       367 |        367 |                         _blake2
import time:       330 |        696 |                       hashlib
import time:       257 |       2390 |                     hmac
import time:       269 |       2659 |                   secrets
import time:       123 |        123 |                     joserfc._rfc7638
import time:       100 |        100 |                     joserfc._rfc9278
import time:      1006 |       1228 |                   joserfc._rfc7517.models
import time:       187 |       4160 |                 joserfc._rfc7518.oct_key
import time:       233 |        233 |                             __future__
import time:       294 |        294 |                             cryptography.__about__
import time:       242 |        768 |                           cryptography
import time:       170 |        937 |                         cryptography.hazmat
import time:       670 |       1606 |                       cryptography.hazmat.primitives
import time:       165 |       1770 |                     cryptography.hazmat.primitives.asymmetric
import time:        92 |         92 |                       cryptography.hazmat.bindings
import time:       645 |        645 |                       _cffi_backend
import time:      2239 |       2975 |                     cryptography.hazmat.bindings._rust
import time:       330 |        330 |                       cryptography.utils
import time:       701 |        701 |                       cryptography.hazmat.primitives.hashes
import time:       296 |       1326 |                     cryptography.hazmat.primitives._serialization
import time:       248 |        248 |                     cryptography.hazmat.primitives._asymmetric
import time:       110 |        110 |                     cryptography.hazmat.primitives.asymmetric.utils
import time:       324 |       6750 |                   cryptography.hazmat.primitives.asymmetric.rsa
import time:       478 |        478 |                       cryptography.x509.certificate_transparency
import time:       677 |        677 |                         cryptography.hazmat._oid
import time:       170 |        846 |                       cryptography.x509.oid
import time:       763 |        763 |                           ipaddress
import time:       245 |        245 |                             email
import time:       885 |        885 |                               _socket
import time:       567 |        567 |                                 select
import time:       574 |       1140 |                               selectors
import time:        27 |         27 |                               errno
import time:       477 |        477 |                               array
import time:       777 |       3305 |                             socket
import time:       211 |        211 |                             email._parseaddr
import time:       190 |        190 |                               email.base64mime
import time:       238 |        238 |                               email.quoprimime
import time:       767 |        767 |                               email.errors
import time:       200 |        200 |                                 quopri
import time:       163 |        363 |                               email.encoders
import time:       248 |       1803 |                             email.charset
import time:       412 |       5974 |                           email.utils
import time:      4725 |       4725 |                           cryptography.x509.name
import time:       271 |      11732 |                         cryptography.x509.general_name
import time:       108 |      11839 |                       cryptography.x509.verification
import time:       137 |        137 |                         cryptography.hazmat.primitives.asymmetric.dsa
import time:       226 |        226 |                           cryptography.exceptions
import time:       329 |        554 |                         cryptography.hazmat.primitives.asymmetric.ec
import time:       169 |        169 |                         cryptography.hazmat.primitives.asymmetric.ed448
import time:       112 |        112 |                         cryptography.hazmat.primitives.asymmetric.ed25519
import time:       231 |        231 |                         cryptography.hazmat.primitives.asymmetric.mldsa
import time:       240 |        240 |                         cryptography.hazmat.primitives.asymmetric.padding
import time:       110 |        110 |                         cryptography.hazmat.primitives.asymmetric.x448
import time:       108 |        108 |                         cryptography.hazmat.primitives.asymmetric.x25519
import time:       148 |        148 |                           cryptography.hazmat.primitives.asymmetric.dh
import time:       130 |        130 |                           cryptography.hazmat.primitives.asymmetric.mlkem
import time:       169 |        446 |                         cryptography.hazmat.primitives.asymmetric.types
import time:        87 |         87 |                           cryptography.hazmat.primitives.constant_time
import time:       127 |        127 |                             cryptography.hazmat.primitives.serialization.base
import time:        43 |         43 |                                       org
import time:         8 |         51 |                                     org.python
import time:         7 |         57 |                                   org.python.core
import time:       246 |        303 |                                 copy
import time:        30 |         30 |                                     _ast
import time:       666 |        695 |                                   ast
import time:       393 |        393 |                                       _opcode
import time:       242 |        635 |                                     opcode
import time:       376 |       1010 |                                   dis
import time:       214 |        214 |                                     importlib
import time:       231 |        445 |                                   importlib.machinery
import time:       838 |       2986 |                                 inspect
import time:       444 |       3732 |                               dataclasses
import time:       110 |        110 |                                 cryptography.hazmat.primitives._cipheralgorithm
import time:        86 |         86 |                                         cryptography.hazmat.decrepit
import time:       113 |        199 |                                       cryptography.hazmat.decrepit.ciphers
import time:       120 |        120 |                                       cryptography.hazmat.primitives._modes
import time:       139 |        456 |                                     cryptography.hazmat.decrepit.ciphers.modes
import time:       212 |        212 |                                       cryptography.hazmat.decrepit.ciphers.algorithms
import time:       135 |        347 |                                     cryptography.hazmat.primitives.ciphers.algorithms
import time:       215 |       1018 |                                   cryptography.hazmat.primitives.ciphers.modes
import time:       360 |       1377 |                                 cryptography.hazmat.primitives.ciphers.base
import time:       109 |       1595 |                               cryptography.hazmat.primitives.ciphers
import time:       645 |        645 |                                 bcrypt._bcrypt
import time:       133 |        777 |                               bcrypt
import time:       871 |       6974 |                             cryptography.hazmat.primitives.serialization.ssh
import time:       109 |       7209 |                           cryptography.hazmat.primitives.serialization
import time:       959 |       8254 |                         cryptography.x509.extensions
import time:       423 |      10778 |                       cryptography.x509.base
import time:       244 |      24185 |                     cryptography.x509
import time:       219 |      24403 |                   joserfc._rfc7517.pem
import time:       242 |      31394 |                 joserfc._rfc7518.rsa_key
import time:       206 |        206 |                     cryptography.hazmat.primitives.kdf
import time:       172 |        378 |                   cryptography.hazmat.primitives.kdf.hkdf
import time:       606 |        606 |                   cryptography.hazmat.primitives.kdf.pbkdf2
import time:       314 |       1297 |                 joserfc._rfc7518.ec_key
import time:        96 |         96 |                   joserfc._rfc8037
import time:       390 |        486 |                 joserfc._rfc8037.okp_key
import time:       198 |      37780 |               joserfc._keys
import time:       608 |      38387 |             joserfc._rfc7515.registry
import time:       112 |        112 |             joserfc._rfc7515.compact
import time:       232 |        232 |             joserfc._rfc7515.json
import time:        85 |         85 |               joserfc._rfc7797
import time:       116 |        201 |             joserfc._rfc7797.util
import time:       137 |        137 |             joserfc._rfc7797.compact
import time:        95 |         95 |             joserfc._rfc7797.json
import time:        78 |         78 |                   joserfc._rfc7518.util
import time:       445 |        523 |                 joserfc._rfc7518.jws_algs
import time:        98 |        620 |               joserfc._rfc8812
import time:       279 |        899 |             joserfc.jwk
import time:        79 |         79 |                 joserfc._rfc7516
import time:       480 |        480 |                 joserfc._rfc7516.models
import time:       185 |        743 |               joserfc._rfc7516.registry
import time:       116 |        116 |                 cryptography.hazmat.primitives.keywrap
import time:        83 |         83 |                   cryptography.hazmat.primitives.kdf.concatkdf
import time:        91 |        173 |                 joserfc._rfc7518.derive_key
import time:       472 |        760 |               joserfc._rfc7518.jwe_algs
import time:       110 |        110 |                 cryptography.hazmat.primitives.padding
import time:       136 |        246 |               joserfc._rfc7518.jwe_encs
import time:       447 |        447 |                 zlib
import time:       102 |        548 |               joserfc._rfc7518.jwe_zips
import time:       105 |        105 |               joserfc._rfc8037.jws_eddsa
import time:       141 |        141 |                 joserfc._rfc9864.jws_eddsa
import time:        97 |        238 |               joserfc._rfc9864
import time:       130 |       2767 |             joserfc.jwa
import time:       302 |      44058 |           joserfc.jws
import time:       133 |        133 |             joserfc._rfc7516.types
import time:       117 |        117 |             joserfc._rfc7516.message
import time:        89 |         89 |             joserfc._rfc7516.compact
import time:       102 |        102 |             joserfc._rfc7516.json
import time:       270 |        709 |           joserfc.jwe
import time:       187 |      50502 |         joserfc.jwt
import time:        83 |         83 |           authlib.oidc
import time:       189 |        189 |             authlib.common.language
import time:        96 |         96 |                         authlib.oauth2.base
import time:       221 |        316 |                       authlib.oauth2.rfc6749.errors
import time:        89 |         89 |                       authlib.oauth2.rfc6749.util
import time:       152 |        556 |                     authlib.oauth2.rfc6749.authenticate_client
import time:       101 |        101 |                       authlib.deprecate
import time:       305 |        305 |                       authlib.oauth2.rfc6749.endpoint
import time:        96 |         96 |                       authlib.oauth2.rfc6749.hooks
import time:       133 |        133 |                       authlib.oauth2.rfc6749.requests
import time:       257 |        890 |                     authlib.oauth2.rfc6749.authorization_server
import time:       121 |        121 |                         authlib.oauth2.rfc6749.grants.base
import time:       234 |        355 |                       authlib.oauth2.rfc6749.grants.authorization_code
import time:       105 |        105 |                       authlib.oauth2.rfc6749.grants.client_credentials
import time:       111 |        111 |                       authlib.oauth2.rfc6749.grants.implicit
import time:       111 |        111 |                       authlib.oauth2.rfc6749.grants.refresh_token
import time:       105 |        105 |                       authlib.oauth2.rfc6749.grants.resource_owner_password_credentials
import time:       110 |        894 |                     authlib.oauth2.rfc6749.grants
import time:       207 |        207 |                     authlib.oauth2.rfc6749.models
import time:       142 |        142 |                     authlib.oauth2.rfc6749.resource_protector
import time:        87 |         87 |                     authlib.oauth2.rfc6749.token_endpoint
import time:        85 |         85 |                     authlib.oauth2.rfc6749.wrappers
import time:       135 |       2993 |                   authlib.oauth2.rfc6749
import time:       133 |        133 |                     authlib.oauth2.rfc6750.errors
import time:        83 |         83 |                     authlib.oauth2.rfc6750.parameters
import time:        88 |         88 |                     authlib.oauth2.rfc6750.token
import time:        86 |         86 |                     authlib.oauth2.rfc6750.validator
import time:        97 |        485 |                   authlib.oauth2.rfc6750
import time:       159 |       3635 |                 authlib.oauth2.auth
import time:       198 |        198 |                   authlib.oauth2.rfc6749.parameters
import time:       105 |        105 |                     authlib.oauth2.rfc7009.parameters
import time:        94 |         94 |                     authlib.oauth2.rfc7009.revocation
import time:        88 |        286 |                   authlib.oauth2.rfc7009
import time:       180 |        180 |                     authlib.oauth2.rfc7636.challenge
import time:        93 |        272 |                   authlib.oauth2.rfc7636
import time:       134 |        889 |                 authlib.oauth2.client
import time:       105 |       4629 |               authlib.oauth2
import time:       180 |       4808 |             authlib.oauth2.claims
import time:        85 |         85 |             authlib.oidc.core.util
import time:       256 |       5336 |           authlib.oidc.core.claims
import time:        83 |         83 |               authlib._joserfc_helpers
import time:        83 |         83 |               authlib.oidc.core.models
import time:        90 |         90 |               authlib.oidc.core.grants._legacy
import time:       141 |        141 |                 authlib.oidc.core.errors
import time:       148 |        289 |               authlib.oidc.core.grants.util
import time:       160 |        704 |             authlib.oidc.core.grants.code
import time:       125 |        125 |               authlib.oidc.core.grants.implicit
import time:       109 |        233 |             authlib.oidc.core.grants.hybrid
import time:        94 |       1030 |           authlib.oidc.core.grants
import time:       100 |        100 |           authlib.oidc.core.userinfo
import time:       144 |       6692 |         authlib.oidc.core
import time:       138 |      57460 |       authlib.integrations.base_client.sync_openid
import time:       166 |      76063 |     authlib.integrations.base_client
import time:       208 |        208 |         starlette
import time:       242 |        242 |         shlex
import time:       210 |        210 |                 anyio._core
import time:       305 |        515 |               anyio._core._contextmanagers
import time:       614 |        614 |                   _contextvars
import time:       747 |       1361 |                 contextvars
import time:       658 |        658 |                   textwrap
import time:      1289 |       1289 |                         typing_extensions
import time:       687 |       1976 |                       exceptiongroup._exceptions
import time:       246 |       2221 |                     exceptiongroup._catch
import time:       112 |        112 |                     exceptiongroup._version
import time:       427 |        427 |                     exceptiongroup._formatting
import time:       120 |        120 |                     exceptiongroup._suppress
import time:       272 |       3150 |                   exceptiongroup
import time:       208 |       4015 |                 anyio._core._exceptions
import time:       119 |        119 |                   sniffio._version
import time:       101 |        101 |                   sniffio._impl
import time:       134 |        352 |                 sniffio
import time:       195 |       5921 |               anyio._core._eventloop
import time:       255 |        255 |                   fnmatch
import time:        41 |         41 |                     _winapi
import time:        35 |         35 |                     nt
import time:        33 |         33 |                     nt
import time:        33 |         33 |                     nt
import time:        32 |         32 |                     nt
import time:       248 |        420 |                   ntpath
import time:      1010 |       1684 |                 pathlib
import time:       446 |        446 |                       signal
import time:       354 |        800 |                     anyio.abc._eventloop
import time:       119 |        119 |                     anyio.abc._resources
import time:       135 |        135 |                       anyio._core._typedattr
import time:       173 |        173 |                         anyio.abc._tasks
import time:       518 |        690 |                       anyio.abc._streams
import time:       416 |       1240 |                     anyio.abc._sockets
import time:       132 |        132 |                     anyio.abc._subprocesses
import time:       116 |        116 |                     anyio.abc._testing
import time:       438 |        438 |                       anyio.lowlevel
import time:       418 |        418 |                       anyio._core._tasks
import time:       116 |        116 |                       anyio._core._testing
import time:      1464 |       2436 |                     anyio._core._synchronization
import time:       238 |        238 |                         concurrent
import time:       722 |        722 |                         concurrent.futures._base
import time:       201 |       1160 |                       concurrent.futures
import time:      1314 |       2474 |                     anyio.from_thread
import time:       182 |       7494 |                   anyio.abc
import time:       131 |       7624 |                 anyio.to_thread
import time:       534 |       9842 |               anyio._core._fileio
import time:       115 |        115 |               anyio._core._resources
import time:       167 |        167 |               anyio._core._signals
import time:       883 |        883 |                   _ssl
import time:      1439 |       2322 |                 ssl
import time:       885 |        885 |                   anyio.streams
import time:       641 |       1526 |                 anyio.streams.stapled
import time:       617 |        617 |                 anyio.streams.tls
import time:       590 |        590 |                         _heapq
import time:       265 |        854 |                       heapq
import time:       663 |        663 |                         fcntl
import time:        42 |         42 |                         msvcrt
import time:       698 |        698 |                         _posixsubprocess
import time:       432 |       1833 |                       subprocess
import time:       142 |        142 |                       asyncio.constants
import time:        86 |         86 |                           asyncio.format_helpers
import time:       112 |        198 |                         asyncio.base_futures
import time:        82 |         82 |                         asyncio.log
import time:       225 |        504 |                       asyncio.coroutines
import time:       132 |        132 |                           asyncio.exceptions
import time:        89 |         89 |                           asyncio.base_tasks
import time:       620 |        839 |                         _asyncio
import time:       386 |       1225 |                       asyncio.events
import time:       256 |        256 |                       asyncio.futures
import time:       177 |        177 |                       asyncio.protocols
import time:       251 |        251 |                         asyncio.transports
import time:       761 |       1011 |                       asyncio.sslproto
import time:        89 |         89 |                           asyncio.mixins
import time:       613 |        613 |                           asyncio.tasks
import time:       242 |        944 |                         asyncio.locks
import time:       245 |       1188 |                       asyncio.staggered
import time:       217 |        217 |                       asyncio.trsock
import time:       575 |       7977 |                     asyncio.base_events
import time:        93 |         93 |                     asyncio.runners
import time:       140 |        140 |                     asyncio.queues
import time:       313 |        313 |                     asyncio.streams
import time:       216 |        216 |                     asyncio.subprocess
import time:        84 |         84 |                     asyncio.threads
import time:       245 |        245 |                       asyncio.base_subprocess
import time:       380 |        380 |                       asyncio.selector_events
import time:       420 |       1044 |                     asyncio.unix_events
import time:       178 |      10043 |                   asyncio
import time:         8 |      10050 |                 asyncio.coroutines
import time:       612 |      15124 |               anyio._core._sockets
import time:       843 |        843 |                 anyio.streams.memory
import time:       238 |       1081 |               anyio._core._streams
import time:       248 |        248 |               anyio._core._subprocesses
import time:       212 |        212 |                       _compression
import time:       527 |        527 |                       _bz2
import time:       151 |        889 |                     bz2
import time:       564 |        564 |                       _lzma
import time:       335 |        899 |                     lzma
import time:       396 |       2184 |                   shutil
import time:       331 |       2515 |                 tempfile
import time:       403 |       2917 |               anyio._core._tempfile
import time:       402 |      36329 |             anyio
import time:         7 |      36336 |           anyio.to_thread
import time:       545 |        545 |             http
import time:       303 |        848 |           starlette.exceptions
import time:       188 |      37371 |         starlette.concurrency
import time:       281 |        281 |         starlette.types
import time:       844 |      38944 |       starlette.datastructures
import time:       850 |        850 |         http.cookies
import time:        50 |         50 |           _winapi
import time:        38 |         38 |           winreg
import time:       520 |        607 |         mimetypes
import time:       337 |        337 |         starlette._utils
import time:       214 |        214 |         starlette.background
import time:       372 |        372 |                 numbers
import time:       205 |        205 |                   python_multipart.exceptions
import time:       181 |        385 |                 python_multipart.decoders
import time:       528 |       1284 |               python_multipart.multipart
import time:       455 |       1739 |             python_multipart
import time:       614 |       2352 |           starlette.formparsers
import time:       343 |       2695 |         starlette.requests
import time:       667 |       5368 |       starlette.responses
import time:       228 |        228 |       authlib.integrations.base_client.async_app
import time:       196 |        196 |       authlib.integrations.base_client.async_openid
import time:       235 |        235 |                 authlib.oauth1.rfc5849.errors
import time:       157 |        157 |                   authlib.oauth1.rfc5849.util
import time:       228 |        385 |                 authlib.oauth1.rfc5849.signature
import time:       162 |        780 |               authlib.oauth1.rfc5849.base_server
import time:       347 |       1127 |             authlib.oauth1.rfc5849.authorization_server
import time:       141 |        141 |               authlib.oauth1.rfc5849.parameters
import time:       495 |        495 |                           email.header
import time:       316 |        811 |                         email._policybase
import time:       407 |       1217 |                       email.feedparser
import time:       236 |       1453 |                     email.parser
import time:       253 |        253 |                       uu
import time:       798 |        798 |                       email._encoded_words
import time:       234 |        234 |                       email.iterators
import time:       499 |       1782 |                     email.message
import time:       739 |       3973 |                   http.client
import time:       235 |        235 |                     urllib.response
import time:       270 |        505 |                   urllib.error
import time:       733 |        733 |                   _scproxy
import time:       845 |       6055 |                 urllib.request
import time:       157 |       6212 |               authlib.oauth1.rfc5849.wrapper
import time:       287 |       6640 |             authlib.oauth1.rfc5849.client_auth
import time:       269 |        269 |             authlib.oauth1.rfc5849.models
import time:       624 |        624 |             authlib.oauth1.rfc5849.resource_protector
import time:       209 |       8865 |           authlib.oauth1.rfc5849
import time:       194 |       9059 |         authlib.oauth1
import time:       158 |        158 |             httpx.__version__
import time:       391 |        391 |                   httpx._exceptions
import time:      1606 |       1606 |                     http.cookiejar
import time:       654 |        654 |                         httpx._types
import time:       226 |        226 |                         httpx._utils
import time:       254 |       1133 |                       httpx._multipart
import time:       296 |       1428 |                     httpx._content
import time:        42 |         42 |                       brotli
import time:        36 |         36 |                       brotlicffi
import time:      1211 |       1211 |                         platform
import time:       813 |        813 |                         zstandard.backend_c
import time:       285 |       2308 |                       zstandard
import time:       182 |       2566 |                     httpx._decoders
import time:       450 |        450 |                     httpx._status_codes
import time:       607 |        607 |                           unicodedata
import time:       277 |        277 |                           idna.idnadata
import time:       161 |        161 |                           idna.intranges
import time:       539 |       1583 |                         idna.core
import time:       157 |        157 |                         idna.package_data
import time:       195 |       1934 |                       idna
import time:       709 |        709 |                       httpx._urlparse
import time:       289 |       2931 |                     httpx._urls
import time:       493 |       9473 |                   httpx._models
import time:       336 |      10199 |                 httpx._auth
import time:       203 |        203 |                 httpx._config
import time:       170 |        170 |                       httpx._transports.base
import time:       216 |        385 |                     httpx._transports.asgi
import time:       217 |        217 |                     httpx._transports.default
import time:       166 |        166 |                     httpx._transports.mock
import time:       122 |        122 |                     httpx._transports.wsgi
import time:       189 |       1077 |                   httpx._transports
import time:        10 |       1086 |                 httpx._transports.base
import time:       446 |      11932 |               httpx._client
import time:       151 |      12082 |             httpx._api
import time:       652 |        652 |                   gettext
import time:       730 |        730 |                       _uuid
import time:       376 |       1106 |                     uuid
import time:       414 |        414 |                     click._compat
import time:       199 |        199 |                       click.globals
import time:       302 |        302 |                       click.utils
import time:       380 |        880 |                     click.exceptions
import time:       932 |       3330 |                   click.types
import time:       289 |        289 |                   click._utils
import time:       319 |        319 |                     click.parser
import time:       214 |        533 |                   click.formatting
import time:       298 |        298 |                   click.termui
import time:       776 |       5875 |                 click.core
import time:       331 |        331 |                 click.decorators
import time:       280 |       6484 |               click
import time:       181 |        181 |                 pygments
import time:      1160 |       1160 |                 pygments.lexers._mapping
import time:       325 |        325 |                 pygments.modeline
import time:       725 |        725 |                       _csv
import time:       292 |       1016 |                     csv
import time:       169 |        169 |                         importlib._abc
import time:       294 |        462 |                       importlib.util
import time:       550 |       1011 |                     zipfile
import time:        86 |         86 |                         importlib.metadata._functools
import time:       474 |        560 |                       importlib.metadata._text
import time:       300 |        859 |                     importlib.metadata._adapters
import time:       210 |        210 |                     importlib.metadata._meta
import time:       158 |        158 |                     importlib.metadata._collections
import time:        88 |         88 |                     importlib.metadata._itertools
import time:       378 |        378 |                     importlib.abc
import time:       795 |       4512 |                   importlib.metadata
import time:       141 |       4653 |                 pygments.plugin
import time:       537 |        537 |                 pygments.util
import time:       215 |       7069 |               pygments.lexers
import time:       247 |        247 |                   rich._extension
import time:       229 |        475 |                 rich
import time:       290 |        290 |                 rich._null_file
import time:       214 |        214 |                 rich.errors
import time:       261 |        261 |                         _compat_pickle
import time:       672 |        672 |                         _pickle
import time:        40 |         40 |                             org
import time:         6 |         46 |                           org.python
import time:         7 |         53 |                         org.python.core
import time:       562 |       1547 |                       pickle
import time:       263 |        263 |                         colorsys
import time:       186 |        186 |                             rich.color_triplet
import time:       192 |        378 |                           rich.palette
import time:       142 |        519 |                         rich._palettes
import time:       265 |        265 |                         rich.repr
import time:       162 |        162 |                         rich.terminal_theme
import time:       675 |       1883 |                       rich.color
import time:       449 |       3878 |                     rich.style
import time:       295 |       4173 |                   rich.default_styles
import time:       171 |        171 |                   rich.theme
import time:       144 |       4487 |                 rich.themes
import time:       244 |        244 |                 rich._emoji_replace
import time:       128 |        128 |                 rich._export_format
import time:       156 |        156 |                 rich._fileno
import time:       206 |        206 |                     rich._loop
import time:       132 |        132 |                     rich._pick
import time:       164 |        164 |                           rich._unicode_data._versions
import time:       182 |        345 |                         rich._unicode_data
import time:       382 |        727 |                       rich.cells
import time:       171 |        898 |                     rich._wrap
import time:       945 |        945 |                           rich.segment
import time:       225 |       1169 |                         rich.jupyter
import time:       196 |        196 |                           rich.protocol
import time:       168 |        364 |                         rich.measure
import time:       151 |       1682 |                       rich.constrain
import time:       307 |       1989 |                     rich.align
import time:       208 |        208 |                     rich.containers
import time:       173 |        173 |                     rich.control
import time:       240 |        240 |                     rich.emoji
import time:       726 |       4570 |                   rich.text
import time:       191 |       4760 |                 rich._log_render
import time:       320 |        320 |                 rich.highlighter
import time:       352 |        352 |                 rich.markup
import time:       242 |        242 |                 rich.pager
import time:       243 |        243 |                 rich.region
import time:       150 |        150 |                 rich.screen
import time:       139 |        139 |                 rich.styled
import time:      1732 |      13926 |               rich.console
import time:       665 |        665 |                 mmap
import time:       241 |        241 |                 rich.filesize
import time:       372 |        372 |                     rich.ansi
import time:       217 |        588 |                   rich.file_proxy
import time:       250 |        250 |                   rich.live_render
import time:       300 |       1137 |                 rich.live
import time:       218 |        218 |                 rich.progress_bar
import time:       458 |        458 |                   rich._spinners
import time:       431 |        431 |                     rich.box
import time:       918 |        918 |                           _decimal
import time:       174 |       1092 |                         decimal
import time:       547 |       1638 |                       fractions
import time:       154 |       1792 |                     rich._ratio
import time:       166 |        166 |                     rich.padding
import time:       967 |       3355 |                   rich.table
import time:       177 |       3989 |                 rich.spinner
import time:      1627 |       7874 |               rich.progress
import time:       362 |        362 |                   pygments.filter
import time:       236 |        236 |                     pygments.token
import time:       271 |        507 |                   pygments.filters
import time:       200 |        200 |                   pygments.regexopt
import time:       458 |       1525 |                 pygments.lexer
import time:       193 |        193 |                 pygments.style
import time:       203 |        203 |                   pygments.styles._mapping
import time:       216 |        418 |                 pygments.styles
import time:       544 |       2679 |               rich.syntax
import time:       507 |      38535 |             httpx._main
import time:       233 |      51006 |           httpx
import time:       183 |        183 |             authlib.oauth2.rfc7521.client
import time:       173 |        355 |           authlib.oauth2.rfc7521
import time:       160 |        160 |             authlib.oauth2.rfc7523.assertion
import time:       204 |        204 |               authlib.oauth2.rfc7523.client
import time:       144 |        348 |             authlib.oauth2.rfc7523.auth
import time:       245 |        245 |             authlib.oauth2.rfc7523.jwt_bearer
import time:       201 |        201 |             authlib.oauth2.rfc7523.token
import time:       241 |        241 |             authlib.oauth2.rfc7523.validator
import time:       217 |       1408 |           authlib.oauth2.rfc7523
import time:       122 |        122 |             authlib.integrations.httpx_client.utils
import time:       300 |        422 |           authlib.integrations.httpx_client.oauth2_client
import time:       238 |      53427 |         authlib.integrations.httpx_client.assertion_client
import time:       152 |        152 |           authlib.oauth1.client
import time:       230 |        382 |         authlib.integrations.httpx_client.oauth1_client
import time:       561 |      63427 |       authlib.integrations.httpx_client
import time:       196 |     108357 |     authlib.integrations.starlette_client.apps
import time:       123 |        123 |     authlib.integrations.starlette_client.integration
import time:       638 |     185978 |   authlib.integrations.starlette_client
import time:        45 |         45 |     backend.app.core
import time:       599 |        599 |       pydantic_settings.exceptions
import time:       623 |        623 |         argparse
import time:      1067 |       1067 |                   pydantic_core._pydantic_core
import time:      4816 |       4816 |                   pydantic_core.core_schema
import time:       369 |       6252 |                 pydantic_core
import time:       192 |       6444 |               pydantic.version
import time:       284 |       6727 |             pydantic.warnings
import time:       299 |       7026 |           pydantic._migration
import time:       212 |        212 |               typing_inspection
import time:       691 |        691 |               typing_inspection.typing_objects
import time:       441 |       1343 |             typing_inspection.introspection
import time:       224 |        224 |             pydantic._internal
import time:       298 |        298 |                 pydantic._internal._namespace_utils
import time:       442 |        739 |               pydantic._internal._typing_extra
import time:       233 |        972 |             pydantic._internal._repr
import time:       321 |       2860 |           pydantic.errors
import time:       323 |      10208 |         pydantic
import time:       468 |        468 |           pydantic._internal._internal_dataclass
import time:       570 |       1037 |         pydantic.aliases
import time:       284 |        284 |         pydantic._internal._config
import time:       166 |        166 |             pydantic._internal._import_utils
import time:       549 |        714 |           pydantic._internal._utils
import time:       178 |        892 |         pydantic._internal._signature
import time:       199 |        199 |             pydantic._internal._core_utils
import time:      1751 |       1950 |           pydantic._internal._decorators
import time:       465 |        465 |               pydantic.plugin
import time:       191 |        656 |             pydantic.plugin._schema_validator
import time:       306 |        961 |           pydantic._internal._mock_val_ser
import time:      3233 |       3233 |               annotated_types
import time:       338 |        338 |                     sysconfig
import time:       395 |        395 |                     _sysconfigdata__darwin_darwin
import time:       320 |        320 |                     _osx_support
import time:       664 |       1716 |                   zoneinfo._tzpath
import time:       186 |        186 |                   zoneinfo._common
import time:       802 |        802 |                   _zoneinfo
import time:       228 |       2930 |                 zoneinfo
import time:       252 |       3182 |               pydantic._internal._validators
import time:       308 |        308 |                     pydantic._internal._forward_ref
import time:       914 |       1222 |                   pydantic._internal._generics
import time:       215 |        215 |                   pydantic._internal._docs_extraction
import time:       503 |       1939 |                 pydantic._internal._fields
import time:       125 |        125 |                 pydantic.annotated_handlers
import time:       205 |        205 |                   pydantic._internal._core_metadata
import time:       144 |        144 |                   pydantic._internal._schema_generation_shared
import time:      6345 |       6693 |                 pydantic.json_schema
import time:      2820 |      11577 |               pydantic.types
import time:      1117 |      19107 |             pydantic.fields
import time:      1411 |       1411 |               pydantic.functional_validators
import time:       222 |        222 |               pydantic._internal._discriminated_union
import time:       198 |        198 |               pydantic._internal._known_annotated_metadata
import time:       364 |        364 |               pydantic._internal._schema_gather
import time:       571 |       2763 |             pydantic._internal._generate_schema
import time:       251 |      22120 |           pydantic._internal._dataclasses
import time:       319 |      25348 |         pydantic.dataclasses
import time:       294 |        294 |           pydantic._internal._model_construction
import time:       529 |        822 |         pydantic.main
import time:       132 |        132 |             pydantic_settings.utils
import time:       262 |        262 |             pydantic_settings.sources.types
import time:        98 |         98 |               pydantic.plugin._loader
import time:      8382 |       8479 |             pydantic_settings.sources.utils
import time:       573 |       9445 |           pydantic_settings.sources.base
import time:       278 |        278 |                 pydantic_settings.sources.providers.env
import time:       149 |        427 |               pydantic_settings.sources.providers.aws
import time:        97 |         97 |                 pydantic.alias_generators
import time:       251 |        347 |               pydantic_settings.sources.providers.azure
import time:      1400 |       1400 |               pydantic_settings.sources.providers.cli
import time:       778 |        778 |                     dotenv.parser
import time:       236 |        236 |                     dotenv.variables
import time:       454 |       1467 |                   dotenv.main
import time:       141 |       1608 |                 dotenv
import time:       329 |       1937 |               pydantic_settings.sources.providers.dotenv
import time:       162 |        162 |               pydantic_settings.sources.providers.gcp
import time:       114 |        114 |               pydantic_settings.sources.providers.json
import time:       104 |        104 |                 pydantic_settings.sources.providers.toml
import time:       108 |        212 |               pydantic_settings.sources.providers.pyproject
import time:       116 |        116 |               pydantic_settings.sources.providers.secrets
import time:       102 |        102 |               pydantic_settings.sources.providers.yaml
import time:       145 |       4958 |             pydantic_settings.sources.providers
import time:        10 |       4967 |           pydantic_settings.sources.providers.aws
import time:       285 |        285 |           pydantic_settings.sources.providers.nested_secrets
import time:       260 |      14956 |         pydantic_settings.sources
import time:      1320 |      55488 |       pydantic_settings.main
import time:        95 |         95 |       pydantic_settings.version
import time:       179 |      56359 |     pydantic_settings
import time:       627 |      57030 |   backend.app.core.config
import time:      1686 |     245177 | backend.app.auth.oauth
