import time: self [us] | cumulative | imported package
import time:       113 |        113 |   _io
import time:        22 |         22 |   marshal
import time:       177 |        177 |   posix
import time:       511 |        821 | _frozen_importlib_external
import time:       892 |        892 |   time
import time:       159 |       1051 | zipimport
import time:       105 |        105 |     _codecs
import time:      1106 |       1211 |   codecs
import time:      2765 |       2765 |   encodings.aliases
import time:      2244 |       6219 | encodings
import time:       484 |        484 | encodings.utf_8
import time:        51 |         51 | _signal
import time:        28 |         28 |     _abc
import time:      1079 |       1107 |   abc
import time:       520 |       1626 | io
import time:        28 |         28 |       _stat
import time:       338 |        365 |     stat
import time:       955 |        955 |     _collections_abc
import time:       297 |        297 |       genericpath
import time:      1520 |       1817 |     posixpath
import time:       727 |       3862 |   os
import time:       249 |        249 |   _sitebuiltins
import time:       942 |        942 |   _virtualenv
import time:        39 |         39 |   sitecustomize
import time:      2145 |       7236 | site
import time:       119 |        119 |     backend
import time:       117 |        236 |   backend.app
import time:       363 |        363 |     starlette
import time:       338 |        338 |       __future__
import time:       557 |        557 |       warnings
import time:       438 |        438 |             types
import time:      1282 |       1720 |           enum
import time:      1400 |       3120 |         http
import time:       424 |        424 |             itertools
import time:      1157 |       1157 |             keyword
import time:        36 |         36 |               _operator
import time:       300 |        335 |             operator
import time:      1062 |       1062 |             reprlib
import time:        36 |         36 |             _collections
import time:       868 |       3881 |           collections
import time:      1866 |       5747 |         collections.abc
import time:       438 |       9304 |       starlette.exceptions
import time:       289 |      10486 |     starlette.status
import time:        31 |         31 |             _functools
import time:       446 |        477 |           functools
import time:       658 |       1134 |         contextlib
import time:        33 |         33 |             _sre
import time:       279 |        279 |               sre_constants
import time:       328 |        607 |             sre_parse
import time:       334 |        973 |           sre_compile
import time:        33 |         33 |           _locale
import time:       222 |        222 |           copyreg
import time:      1325 |       2552 |         re
import time:      1275 |       4959 |       typing
import time:       245 |        245 |         annotated_doc.main
import time:       223 |        468 |       annotated_doc
import time:       208 |        208 |             _weakrefset
import time:       349 |        557 |           weakref
import time:        44 |         44 |               org
import time:         9 |         53 |             org.python
import time:         9 |         61 |           org.python.core
import time:       240 |        857 |         copy
import time:       284 |        284 |           email
import time:      1915 |       1915 |             binascii
import time:       327 |       2242 |           uu
import time:       197 |        197 |           quopri
import time:      2309 |       2309 |               math
import time:      1344 |       1344 |                 _bisect
import time:       299 |       1643 |               bisect
import time:      1199 |       1199 |               _random
import time:      1309 |       1309 |               _sha512
import time:       553 |       7011 |             random
import time:      2993 |       2993 |               _socket
import time:      2009 |       2009 |                 select
import time:       430 |       2439 |               selectors
import time:        28 |         28 |               errno
import time:      2656 |       2656 |               array
import time:      1042 |       9157 |             socket
import time:      3244 |       3244 |               _datetime
import time:       881 |       4124 |             datetime
import time:      1284 |       1284 |               urllib
import time:       684 |       1968 |             urllib.parse
import time:       783 |        783 |                 locale
import time:       655 |       1438 |               calendar
import time:       805 |       2242 |             email._parseaddr
import time:      1515 |       1515 |                     _struct
import time:       193 |       1708 |                   struct
import time:       660 |       2367 |                 base64
import time:       329 |       2695 |               email.base64mime
import time:        13 |         13 |                   _string
import time:       428 |        441 |                 string
import time:       345 |        785 |               email.quoprimime
import time:      1086 |       1086 |               email.errors
import time:       180 |        180 |               email.encoders
import time:       381 |       5125 |             email.charset
import time:       350 |      29975 |           email.utils
import time:       491 |        491 |             email.header
import time:       275 |        766 |           email._policybase
import time:      1240 |       1240 |           email._encoded_words
import time:       183 |        183 |           email.iterators
import time:       538 |      35422 |         email.message
import time:       489 |        489 |             _ast
import time:       805 |       1294 |           ast
import time:       408 |        408 |               _opcode
import time:       293 |        700 |             opcode
import time:      1679 |       2379 |           dis
import time:       528 |        528 |             importlib
import time:       258 |        786 |           importlib.machinery
import time:       278 |        278 |               token
import time:      1676 |       1953 |             tokenize
import time:      2624 |       4576 |           linecache
import time:       994 |      10028 |         inspect
import time:      1820 |       1820 |               _json
import time:       321 |       2141 |             json.scanner
import time:       334 |       2474 |           json.decoder
import time:       722 |        722 |           json.encoder
import time:       250 |       3445 |         json
import time:      1020 |       1020 |           _contextvars
import time:       303 |       1322 |         contextvars
import time:       571 |        571 |         dataclasses
import time:       231 |        231 |             anyio._core
import time:       349 |        579 |           anyio._core._contextmanagers
import time:       610 |        610 |             threading
import time:       765 |        765 |               textwrap
import time:      1263 |       1263 |                     typing_extensions
import time:       327 |       1590 |                   exceptiongroup._exceptions
import time:      1094 |       2683 |                 exceptiongroup._catch
import time:       192 |        192 |                 exceptiongroup._version
import time:       420 |        420 |                   traceback
import time:       436 |        855 |                 exceptiongroup._formatting
import time:       214 |        214 |                 exceptiongroup._suppress
import time:       372 |       4315 |               exceptiongroup
import time:       300 |       5379 |             anyio._core._exceptions
import time:       168 |        168 |               sniffio._version
import time:       171 |        171 |               sniffio._impl
import time:       312 |        650 |             sniffio
import time:      1156 |       7793 |           anyio._core._eventloop
import time:       206 |        206 |               fnmatch
import time:        51 |         51 |                 _winapi
import time:        54 |         54 |                 nt
import time:        50 |         50 |                 nt
import time:        44 |         44 |                 nt
import time:        46 |         46 |                 nt
import time:       238 |        481 |               ntpath
import time:       931 |       1617 |             pathlib
import time:       436 |        436 |                   signal
import time:       429 |        864 |                 anyio.abc._eventloop
import time:       114 |        114 |                 anyio.abc._resources
import time:       705 |        705 |                   ipaddress
import time:       126 |        126 |                   anyio._core._typedattr
import time:       265 |        265 |                     anyio.abc._tasks
import time:       549 |        813 |                   anyio.abc._streams
import time:       403 |       2046 |                 anyio.abc._sockets
import time:       127 |        127 |                 anyio.abc._subprocesses
import time:       115 |        115 |                 anyio.abc._testing
import time:       609 |        609 |                   anyio.lowlevel
import time:       450 |        450 |                   anyio._core._tasks
import time:       225 |        225 |                   anyio._core._testing
import time:      1544 |       2827 |                 anyio._core._synchronization
import time:       218 |        218 |                     concurrent
import time:        20 |         20 |                         atexit
import time:      1286 |       1305 |                       logging
import time:       676 |       1981 |                     concurrent.futures._base
import time:       190 |       2387 |                   concurrent.futures
import time:      1533 |       3920 |                 anyio.from_thread
import time:       367 |      10376 |               anyio.abc
import time:       142 |      10518 |             anyio.to_thread
import time:      1047 |      13181 |           anyio._core._fileio
import time:       141 |        141 |           anyio._core._resources
import time:       284 |        284 |           anyio._core._signals
import time:     24819 |      24819 |               _ssl
import time:      8139 |      32958 |             ssl
import time:      1570 |       1570 |               anyio.streams
import time:      1101 |       2670 |             anyio.streams.stapled
import time:       946 |        946 |             anyio.streams.tls
import time:      5429 |       5429 |                     _heapq
import time:      1724 |       7152 |                   heapq
import time:      1344 |       1344 |                     fcntl
import time:        42 |         42 |                     msvcrt
import time:      2355 |       2355 |                     _posixsubprocess
import time:      1256 |       4996 |                   subprocess
import time:       229 |        229 |                   asyncio.constants
import time:       186 |        186 |                       asyncio.format_helpers
import time:       367 |        552 |                     asyncio.base_futures
import time:       163 |        163 |                     asyncio.log
import time:      1060 |       1775 |                   asyncio.coroutines
import time:       307 |        307 |                       asyncio.exceptions
import time:       207 |        207 |                       asyncio.base_tasks
import time:      2010 |       2524 |                     _asyncio
import time:       357 |       2881 |                   asyncio.events
import time:       301 |        301 |                   asyncio.futures
import time:       222 |        222 |                   asyncio.protocols
import time:       239 |        239 |                     asyncio.transports
import time:       374 |        613 |                   asyncio.sslproto
import time:       182 |        182 |                       asyncio.mixins
import time:       300 |        300 |                       asyncio.tasks
import time:       232 |        713 |                     asyncio.locks
import time:       265 |        978 |                   asyncio.staggered
import time:       201 |        201 |                   asyncio.trsock
import time:       854 |      20195 |                 asyncio.base_events
import time:       186 |        186 |                 asyncio.runners
import time:       220 |        220 |                 asyncio.queues
import time:       280 |        280 |                 asyncio.streams
import time:       183 |        183 |                 asyncio.subprocess
import time:       177 |        177 |                 asyncio.threads
import time:       275 |        275 |                   asyncio.base_subprocess
import time:      1021 |       1021 |                   asyncio.selector_events
import time:       455 |       1750 |                 asyncio.unix_events
import time:       501 |      23489 |               asyncio
import time:         8 |      23497 |             asyncio.coroutines
import time:       887 |      60955 |           anyio._core._sockets
import time:       924 |        924 |             anyio.streams.memory
import time:       200 |       1123 |           anyio._core._streams
import time:       208 |        208 |           anyio._core._subprocesses
import time:      1271 |       1271 |                 zlib
import time:       187 |        187 |                   _compression
import time:      1163 |       1163 |                   _bz2
import time:       235 |       1584 |                 bz2
import time:      2313 |       2313 |                   _lzma
import time:       259 |       2571 |                 lzma
import time:       426 |       5850 |               shutil
import time:       445 |       6295 |             tempfile
import time:       469 |       6764 |           anyio._core._tempfile
import time:       380 |      91404 |         anyio
import time:      9709 |       9709 |                       pydantic_core._pydantic_core
import time:       371 |        371 |                             numbers
import time:      2562 |       2932 |                           _decimal
import time:       193 |       3125 |                         decimal
import time:      5014 |       8138 |                       pydantic_core.core_schema
import time:       354 |      18200 |                     pydantic_core
import time:       216 |      18415 |                   pydantic.version
import time:       289 |      18704 |                 pydantic.warnings
import time:       317 |      19021 |               pydantic._migration
import time:       664 |        664 |                   typing_inspection
import time:       794 |        794 |                   typing_inspection.typing_objects
import time:       484 |       1940 |                 typing_inspection.introspection
import time:       203 |        203 |                 pydantic._internal
import time:       369 |        369 |                     pydantic._internal._namespace_utils
import time:       454 |        822 |                   pydantic._internal._typing_extra
import time:      1267 |       2089 |                 pydantic._internal._repr
import time:       357 |       4588 |               pydantic.errors
import time:       322 |      23930 |             pydantic
import time:       138 |        138 |                 pydantic._internal._internal_dataclass
import time:       556 |        694 |               pydantic.aliases
import time:       534 |        534 |               pydantic.config
import time:       284 |       1511 |             pydantic._internal._config
import time:       253 |        253 |               pydantic._internal._core_utils
import time:       180 |        180 |                 pydantic._internal._import_utils
import time:       504 |        684 |               pydantic._internal._utils
import time:      2617 |       3553 |             pydantic._internal._decorators
import time:       293 |        293 |                 pydantic._internal._forward_ref
import time:       367 |        660 |               pydantic._internal._generics
import time:       182 |        182 |               pydantic._internal._docs_extraction
import time:       499 |       1340 |             pydantic._internal._fields
import time:       429 |        429 |                 pydantic.plugin
import time:       270 |        699 |               pydantic.plugin._schema_validator
import time:       265 |        963 |             pydantic._internal._mock_val_ser
import time:       591 |        591 |                 fractions
import time:       850 |        850 |                   _uuid
import time:       355 |       1205 |                 uuid
import time:       327 |        327 |                     sysconfig
import time:       435 |        435 |                     _sysconfigdata__darwin_darwin
import time:       228 |        228 |                     _osx_support
import time:       778 |       1766 |                   zoneinfo._tzpath
import time:       168 |        168 |                   zoneinfo._common
import time:      1549 |       1549 |                   _zoneinfo
import time:       339 |       3820 |                 zoneinfo
import time:       178 |        178 |                 pydantic.annotated_handlers
import time:      1558 |       1558 |                 pydantic.functional_validators
import time:       217 |        217 |                   pydantic._internal._core_metadata
import time:       190 |        190 |                   pydantic._internal._schema_generation_shared
import time:      2084 |       2490 |                 pydantic.json_schema
import time:       247 |        247 |                 pydantic._internal._discriminated_union
import time:       256 |        256 |                 pydantic._internal._known_annotated_metadata
import time:       350 |        350 |                 pydantic._internal._schema_gather
import time:      1081 |      11773 |               pydantic._internal._generate_schema
import time:       189 |        189 |               pydantic._internal._signature
import time:       313 |      12274 |             pydantic._internal._model_construction
import time:      3152 |       3152 |               annotated_types
import time:       456 |        456 |               pydantic._internal._validators
import time:      6878 |       6878 |               pydantic.types
import time:      1039 |      11524 |             pydantic.fields
import time:      1641 |       1641 |                   _csv
import time:       293 |       1933 |                 csv
import time:       171 |        171 |                     importlib._abc
import time:       300 |        471 |                   importlib.util
import time:       529 |        999 |                 zipfile
import time:        99 |         99 |                     importlib.metadata._functools
import time:       461 |        560 |                   importlib.metadata._text
import time:       308 |        868 |                 importlib.metadata._adapters
import time:       191 |        191 |                 importlib.metadata._meta
import time:       199 |        199 |                 importlib.metadata._collections
import time:        84 |         84 |                 importlib.metadata._itertools
import time:       368 |        368 |                 importlib.abc
import time:       826 |       5466 |               importlib.metadata
import time:       236 |       5701 |             pydantic.plugin._loader
import time:      9545 |      70338 |           fastapi.exceptions
import time:       147 |        147 |             fastapi.openapi
import time:       148 |        148 |                 fastapi.types
import time:       230 |        230 |                   shlex
import time:       182 |        182 |                   starlette.concurrency
import time:       220 |        220 |                   starlette.types
import time:       688 |       1319 |                 starlette.datastructures
import time:       218 |       1684 |               fastapi._compat.shared
import time:       138 |        138 |                 fastapi.openapi.constants
import time:      1282 |       1419 |               fastapi._compat.v2
import time:       176 |       3278 |             fastapi._compat
import time:       157 |        157 |             fastapi.logger
import time:        46 |         46 |             email_validator
import time:     54907 |      58534 |           fastapi.openapi.models
import time:       773 |        773 |           fastapi.datastructures
import time:      3065 |     132709 |         fastapi.params
import time:       225 |        225 |           fastapi.dependencies
import time:      1328 |       1328 |                 fastapi.security.base
import time:       860 |        860 |                   http.cookies
import time:       423 |        423 |                   starlette._utils
import time:       222 |        222 |                           python_multipart.exceptions
import time:       234 |        456 |                         python_multipart.decoders
import time:       740 |       1195 |                       python_multipart.multipart
import time:       283 |       1478 |                     python_multipart
import time:       627 |       2105 |                   starlette.formparsers
import time:       367 |       3753 |                 starlette.requests
import time:       371 |       5451 |               fastapi.security.api_key
import time:       195 |        195 |                 fastapi.security.utils
import time:       864 |       1058 |               fastapi.security.http
import time:       867 |        867 |                 fastapi.param_functions
import time:      1903 |       2770 |               fastapi.security.oauth2
import time:       202 |        202 |               fastapi.security.open_id_connect_url
import time:       214 |       9694 |             fastapi.security
import time:        10 |       9704 |           fastapi.security.base
import time:       832 |      10759 |         fastapi.dependencies.models
import time:       150 |        150 |             starlette.background
import time:       194 |        344 |           fastapi.background
import time:       158 |        158 |           fastapi.concurrency
import time:       146 |        146 |           fastapi.utils
import time:      6978 |       6978 |               _hashlib
import time:      1732 |       1732 |               _blake2
import time:      1039 |       9748 |             hashlib
import time:        42 |         42 |               _winapi
import time:        42 |         42 |               winreg
import time:       515 |        598 |             mimetypes
import time:       409 |        409 |               hmac
import time:      1134 |       1543 |             secrets
import time:       424 |      12312 |           starlette.responses
import time:       776 |        776 |           starlette.websockets
import time:       946 |      14680 |         fastapi.dependencies.utils
import time:       380 |        380 |             colorsys
import time:       645 |       1025 |           pydantic.color
import time:        43 |         43 |             pydantic_extra_types
import time:         8 |         51 |           pydantic_extra_types.color
import time:       505 |       1581 |         fastapi.encoders
import time:      1382 |       1382 |         fastapi.sse
import time:       422 |        422 |           starlette._exception_handler
import time:       535 |        535 |           starlette.convertors
import time:      1400 |       1400 |           starlette.middleware
import time:       743 |       3099 |         starlette.routing
import time:       367 |        367 |         starlette.staticfiles
import time:      3478 |     311098 |       fastapi.routing
import time:        92 |         92 |         fastapi.websockets
import time:       141 |        233 |       fastapi.exception_handlers
import time:       569 |        569 |         fastapi.middleware
import time:       171 |        740 |       fastapi.middleware.asyncexitstack
import time:       354 |        354 |       fastapi.openapi.docs
import time:      1329 |       1329 |             email.feedparser
import time:       524 |       1853 |           email.parser
import time:      1307 |       3159 |         http.client
import time:     36059 |      36059 |           orjson.orjson
import time:       981 |      37039 |         fastapi.responses
import time:       433 |      40631 |       fastapi.openapi.utils
import time:      2066 |       2066 |             html.entities
import time:     13836 |      15902 |           html
import time:       573 |      16475 |         starlette.middleware.errors
import time:       630 |        630 |         starlette.middleware.exceptions
import time:       551 |      17655 |       starlette.applications
import time:       576 |        576 |       starlette.middleware.base
import time:      1279 |     377987 |     fastapi.applications
import time:       606 |        606 |     fastapi.requests
import time:       279 |     389719 |   fastapi
import time:       516 |        516 |         itsdangerous.exc
import time:       479 |        995 |       itsdangerous.encoding
import time:       514 |        514 |         itsdangerous.signer
import time:       552 |       1066 |       itsdangerous.serializer
import time:      1273 |       1273 |       itsdangerous.timed
import time:       475 |        475 |         itsdangerous._json
import time:       598 |       1073 |       itsdangerous.url_safe
import time:       993 |       5396 |     itsdangerous
import time:       459 |       5855 |   starlette.middleware.sessions
import time:       553 |        553 |     backend.app.api
import time:       673 |        673 |           sqlalchemy.util.preloaded
import time:        93 |         93 |               sqlalchemy.cyextension
import time:      3254 |       3254 |               sqlalchemy.cyextension.collections
import time:      1648 |       1648 |               sqlalchemy.cyextension.immutabledict
import time:      2795 |       2795 |               sqlalchemy.cyextension.processors
import time:      3389 |       3389 |               sqlalchemy.cyextension.resultproxy
import time:      4413 |       4413 |                     platform
import time:       563 |       4976 |                   sqlalchemy.util.compat
import time:       775 |       5750 |                 sqlalchemy.exc
import time:      1237 |       6987 |               sqlalchemy.cyextension.util
import time:       150 |      18314 |             sqlalchemy.util._has_cy
import time:       956 |        956 |             sqlalchemy.util.typing
import time:       755 |      20024 |           sqlalchemy.util._collections
import time:        50 |         50 |             greenlet
import time:       587 |        636 |           sqlalchemy.util.concurrency
import time:      1308 |       1308 |             sqlalchemy.util.langhelpers
import time:       477 |       1785 |           sqlalchemy.util.deprecations
import time:       451 |      23566 |         sqlalchemy.util
import time:      2006 |       2006 |                           sqlalchemy.event.registry
import time:       471 |       2476 |                         sqlalchemy.event.legacy
import time:       793 |       3268 |                       sqlalchemy.event.attr
import time:       716 |       3984 |                     sqlalchemy.event.base
import time:       501 |       4484 |                   sqlalchemy.event.api
import time:       247 |       4731 |                 sqlalchemy.event
import time:       445 |        445 |                       sqlalchemy.log
import time:      1506 |       1950 |                     sqlalchemy.pool.base
import time:      1011 |       2961 |                   sqlalchemy.pool.events
import time:       710 |        710 |                     sqlalchemy.util.queue
import time:       977 |       1687 |                   sqlalchemy.pool.impl
import time:       610 |       5256 |                 sqlalchemy.pool
import time:       823 |        823 |                       sqlalchemy.sql.roles
import time:      1115 |       1115 |                       sqlalchemy.inspection
import time:      1451 |       3388 |                     sqlalchemy.sql._typing
import time:       942 |        942 |                       sqlalchemy.sql.visitors
import time:      1244 |       1244 |                       sqlalchemy.sql.cache_key
import time:       796 |        796 |                         sqlalchemy.sql.operators
import time:       714 |       1510 |                       sqlalchemy.sql.traversals
import time:      1716 |       5410 |                     sqlalchemy.sql.base
import time:      1021 |       1021 |                       sqlalchemy.sql.coercions
import time:       465 |        465 |                             sqlalchemy.sql.annotation
import time:      7066 |       7066 |                                 sqlalchemy.sql.type_api
import time:      3368 |      10433 |                               sqlalchemy.sql.elements
import time:       386 |        386 |                               sqlalchemy.util.topological
import time:      1228 |      12047 |                             sqlalchemy.sql.ddl
import time:      1299 |       1299 |                                     _compat_pickle
import time:      2275 |       2275 |                                     _pickle
import time:        72 |         72 |                                         org
import time:        10 |         82 |                                       org.python
import time:         9 |         90 |                                     org.python.core
import time:       646 |       4309 |                                   pickle
import time:       181 |        181 |                                     sqlalchemy.engine._py_processors
import time:       260 |        441 |                                   sqlalchemy.engine.processors
import time:      3203 |       7952 |                                 sqlalchemy.sql.sqltypes
import time:      4162 |      12113 |                               sqlalchemy.sql.selectable
import time:      2499 |      14612 |                             sqlalchemy.sql.schema
import time:       768 |      27891 |                           sqlalchemy.sql.util
import time:      1385 |      29276 |                         sqlalchemy.sql.dml
import time:      1452 |      30727 |                       sqlalchemy.sql.crud
import time:      2187 |       2187 |                       sqlalchemy.sql.functions
import time:      3228 |      37161 |                     sqlalchemy.sql.compiler
import time:       165 |        165 |                       sqlalchemy.sql._dml_constructors
import time:       355 |        355 |                       sqlalchemy.sql._elements_constructors
import time:       298 |        298 |                       sqlalchemy.sql._selectable_constructors
import time:       607 |        607 |                       sqlalchemy.sql.lambdas
import time:       362 |       1786 |                     sqlalchemy.sql.expression
import time:       770 |        770 |                       sqlalchemy.sql.events
import time:       897 |       1667 |                     sqlalchemy.sql.naming
import time:       270 |        270 |                     sqlalchemy.sql.default_comparator
import time:      4272 |      53952 |                   sqlalchemy.sql
import time:        10 |      53961 |                 sqlalchemy.sql.compiler
import time:      1579 |      65526 |               sqlalchemy.engine.interfaces
import time:       258 |        258 |               sqlalchemy.engine.util
import time:       837 |      66619 |             sqlalchemy.engine.base
import time:      2723 |      69342 |           sqlalchemy.engine.events
import time:       529 |        529 |               sqlalchemy.dialects
import time:      2012 |       2540 |             sqlalchemy.engine.url
import time:      1664 |       1664 |             sqlalchemy.engine.mock
import time:      1061 |       5264 |           sqlalchemy.engine.create
import time:       672 |        672 |               sqlalchemy.engine.row
import time:      1172 |       1843 |             sqlalchemy.engine.result
import time:       688 |       2530 |           sqlalchemy.engine.cursor
import time:      1809 |       1809 |           sqlalchemy.engine.reflection
import time:      1933 |      80876 |         sqlalchemy.engine
import time:       671 |        671 |         sqlalchemy.schema
import time:       397 |        397 |         sqlalchemy.types
import time:       640 |        640 |           sqlalchemy.engine.characteristics
import time:       910 |       1549 |         sqlalchemy.engine.default
import time:       507 |     107565 |       sqlalchemy
import time:      1519 |       1519 |                   sqlalchemy.sql._orm_types
import time:       447 |       1966 |                 sqlalchemy.orm._typing
import time:      1207 |       3173 |               sqlalchemy.orm.base
import time:       398 |        398 |               sqlalchemy.orm.mapped_collection
import time:       672 |       4243 |             sqlalchemy.orm.collections
import time:       494 |        494 |               sqlalchemy.orm.path_registry
import time:       816 |       1309 |             sqlalchemy.orm.interfaces
import time:      1515 |       7066 |           sqlalchemy.orm.attributes
import time:      1695 |       8760 |         sqlalchemy.orm.util
import time:       657 |       9417 |       sqlalchemy.orm.exc
import time:      1236 |       1236 |           sqlalchemy.orm.state
import time:       531 |       1767 |         sqlalchemy.orm.instrumentation
import time:       317 |        317 |               sqlalchemy.future.engine
import time:      1023 |       1339 |             sqlalchemy.future
import time:      1574 |       2913 |           sqlalchemy.orm.context
import time:       807 |        807 |               sqlalchemy.orm.strategy_options
import time:      1257 |       1257 |               sqlalchemy.orm.descriptor_props
import time:      2051 |       2051 |               sqlalchemy.orm.relationships
import time:      1174 |       5288 |             sqlalchemy.orm.properties
import time:      2468 |       2468 |             sqlalchemy.orm.query
import time:       461 |        461 |             sqlalchemy.orm.unitofwork
import time:      2110 |       2110 |                 sqlalchemy.orm.evaluator
import time:       798 |        798 |                   sqlalchemy.orm.sync
import time:       455 |       1253 |                 sqlalchemy.orm.persistence
import time:       555 |       3917 |               sqlalchemy.orm.bulk_persistence
import time:       339 |        339 |               sqlalchemy.orm.identity
import time:       418 |        418 |               sqlalchemy.orm.state_changes
import time:      1338 |       6011 |             sqlalchemy.orm.session
import time:       729 |      14954 |           sqlalchemy.orm.strategies
import time:       442 |      18308 |         sqlalchemy.orm.loading
import time:      1387 |      21461 |       sqlalchemy.orm.mapper
import time:      1112 |       1112 |       sqlalchemy.orm._orm_constructors
import time:      1297 |       1297 |         sqlalchemy.orm.clsregistry
import time:      1136 |       1136 |         sqlalchemy.orm.decl_base
import time:      1049 |       3481 |       sqlalchemy.orm.decl_api
import time:       644 |        644 |         sqlalchemy.orm.writeonly
import time:       619 |       1262 |       sqlalchemy.orm.dynamic
import time:       593 |        593 |         sqlalchemy.orm.scoping
import time:      4405 |       4998 |       sqlalchemy.orm.events
import time:       308 |        308 |       sqlalchemy.orm.dependency
import time:      1255 |     150855 |     sqlalchemy.orm
import time:       203 |        203 |       backend.app.auth
import time:      1355 |       1355 |             jwt.exceptions
import time:       508 |        508 |             jwt.types
import time:       240 |        240 |                         cryptography.__about__
import time:       159 |        399 |                       cryptography
import time:       134 |        532 |                     cryptography.hazmat
import time:       308 |        840 |                   cryptography.hazmat.primitives
import time:      1631 |       2470 |                 cryptography.hazmat.primitives.asymmetric
import time:       395 |        395 |                 cryptography.utils
import time:       178 |        178 |                     cryptography.hazmat.bindings
import time:      2699 |       2699 |                     _cffi_backend
import time:     25045 |      27921 |                   cryptography.hazmat.bindings._rust
import time:       222 |      28143 |                 cryptography.exceptions
import time:       519 |        519 |                   cryptography.hazmat.primitives.hashes
import time:      1227 |       1746 |                 cryptography.hazmat._oid
import time:       309 |        309 |                 cryptography.hazmat.primitives._serialization
import time:       222 |        222 |                 cryptography.hazmat.primitives.asymmetric.utils
import time:       665 |      33947 |               cryptography.hazmat.primitives.asymmetric.ec
import time:       597 |      34543 |             jwt.utils
import time:       215 |        215 |             cryptography.hazmat.backends
import time:       324 |        324 |               cryptography.hazmat.primitives._asymmetric
import time:       231 |        231 |               cryptography.hazmat.primitives.asymmetric.rsa
import time:       269 |        823 |             cryptography.hazmat.primitives.asymmetric.padding
import time:       221 |        221 |             cryptography.hazmat.primitives.asymmetric.ed448
import time:       196 |        196 |             cryptography.hazmat.primitives.asymmetric.ed25519
import time:       139 |        139 |               cryptography.hazmat.primitives.serialization.base
import time:       230 |        230 |                 cryptography.hazmat.primitives.asymmetric.dsa
import time:       202 |        202 |                   cryptography.hazmat.primitives._cipheralgorithm
import time:       282 |        282 |                           cryptography.hazmat.decrepit
import time:       292 |        574 |                         cryptography.hazmat.decrepit.ciphers
import time:       202 |        202 |                         cryptography.hazmat.primitives._modes
import time:       304 |       1079 |                       cryptography.hazmat.decrepit.ciphers.modes
import time:       293 |        293 |                         cryptography.hazmat.decrepit.ciphers.algorithms
import time:      1386 |       1678 |                       cryptography.hazmat.primitives.ciphers.algorithms
import time:       254 |       3010 |                     cryptography.hazmat.primitives.ciphers.modes
import time:       507 |       3517 |                   cryptography.hazmat.primitives.ciphers.base
import time:       204 |       3923 |                 cryptography.hazmat.primitives.ciphers
import time:      6415 |       6415 |                   bcrypt._bcrypt
import time:       267 |       6682 |                 bcrypt
import time:       977 |      11810 |               cryptography.hazmat.primitives.serialization.ssh
import time:       243 |      12192 |             cryptography.hazmat.primitives.serialization
import time:       486 |      50536 |           jwt.algorithms
import time:       265 |      50800 |         jwt.api_jwk
import time:       451 |        451 |           jwt.warnings
import time:      1087 |       1538 |         jwt.api_jws
import time:       619 |        619 |         jwt.api_jwt
import time:       505 |        505 |               urllib.response
import time:       313 |        818 |             urllib.error
import time:      2757 |       2757 |             _scproxy
import time:      1131 |       4704 |           urllib.request
import time:       475 |        475 |           jwt.jwk_set_cache
import time:       344 |       5522 |         jwt.jwks_client
import time:       291 |      58768 |       jwt
import time:        44 |         44 |         backend.app.core
import time:       506 |        506 |           pydantic_settings.exceptions
import time:       647 |        647 |               gettext
import time:      1142 |       1788 |             argparse
import time:       523 |        523 |               pydantic._internal._dataclasses
import time:       402 |        924 |             pydantic.dataclasses
import time:       459 |        459 |                 pydantic_settings.utils
import time:       572 |        572 |                 pydantic_settings.sources.types
import time:      2108 |       2108 |                 pydantic_settings.sources.utils
import time:       497 |       3635 |               pydantic_settings.sources.base
import time:       598 |        598 |                     pydantic_settings.sources.providers.env
import time:       485 |       1083 |                   pydantic_settings.sources.providers.aws
import time:       132 |        132 |                     pydantic.alias_generators
import time:       496 |        627 |                   pydantic_settings.sources.providers.azure
import time:      1517 |       1517 |                   pydantic_settings.sources.providers.cli
import time:      1008 |       1008 |                         dotenv.parser
import time:       707 |        707 |                         dotenv.variables
import time:       513 |       2228 |                       dotenv.main
import time:       153 |       2380 |                     dotenv
import time:       502 |       2882 |                   pydantic_settings.sources.providers.dotenv
import time:      1540 |       1540 |                   pydantic_settings.sources.providers.gcp
import time:       117 |        117 |                   pydantic_settings.sources.providers.json
import time:       252 |        252 |                     pydantic_settings.sources.providers.toml
import time:       115 |        366 |                   pydantic_settings.sources.providers.pyproject
import time:       467 |        467 |                   pydantic_settings.sources.providers.secrets
import time:       103 |        103 |                   pydantic_settings.sources.providers.yaml
import time:       413 |       9109 |                 pydantic_settings.sources.providers
import time:        10 |       9119 |               pydantic_settings.sources.providers.aws
import time:       398 |        398 |               pydantic_settings.sources.providers.nested_secrets
import time:       402 |      13552 |             pydantic_settings.sources
import time:      1122 |      17384 |           pydantic_settings.main
import time:        90 |         90 |           pydantic_settings.version
import time:       475 |      18454 |         pydantic_settings
import time:       778 |      19275 |       backend.app.core.config
import time:      2299 |      80543 |     backend.app.auth.jwt
import time:       403 |        403 |             authlib.consts
import time:      1406 |       1808 |           authlib
import time:        94 |       1902 |         authlib.integrations
import time:       318 |        318 |               authlib.common
import time:       300 |        617 |             authlib.common.errors
import time:      1001 |       1617 |           authlib.integrations.base_client.errors
import time:       264 |        264 |           authlib.integrations.base_client.framework_integration
import time:       218 |        218 |           authlib.integrations.base_client.registry
import time:        85 |         85 |             authlib.common.security
import time:       100 |        100 |               authlib.common.encoding
import time:       270 |        370 |             authlib.common.urls
import time:       328 |        782 |           authlib.integrations.base_client.sync_app
import time:       247 |        247 |             joserfc
import time:        84 |         84 |                 joserfc._rfc7519
import time:       154 |        154 |                 joserfc.util
import time:       384 |        384 |                 joserfc.errors
import time:       414 |       1034 |               joserfc._rfc7519.claims
import time:       307 |        307 |               joserfc._rfc7519.security
import time:        90 |         90 |                   joserfc._rfc7515
import time:       435 |        435 |                     joserfc.registry
import time:       246 |        681 |                   joserfc._rfc7515.types
import time:       465 |       1235 |                 joserfc._rfc7515.model
import time:        87 |         87 |                       joserfc._rfc7517
import time:       329 |        415 |                     joserfc._rfc7517.types
import time:       103 |        103 |                       joserfc._rfc7518
import time:       213 |        213 |                         joserfc._rfc7638
import time:       206 |        206 |                         joserfc._rfc9278
import time:       488 |        907 |                       joserfc._rfc7517.models
import time:       185 |       1194 |                     joserfc._rfc7518.oct_key
import time:       233 |        233 |                           cryptography.x509.certificate_transparency
import time:       102 |        102 |                           cryptography.x509.oid
import time:      4685 |       4685 |                               cryptography.x509.name
import time:       268 |       4952 |                             cryptography.x509.general_name
import time:       103 |       5055 |                           cryptography.x509.verification
import time:       393 |        393 |                             cryptography.hazmat.primitives.asymmetric.mldsa
import time:       175 |        175 |                             cryptography.hazmat.primitives.asymmetric.x448
import time:       264 |        264 |                             cryptography.hazmat.primitives.asymmetric.x25519
import time:       277 |        277 |                               cryptography.hazmat.primitives.asymmetric.dh
import time:       235 |        235 |                               cryptography.hazmat.primitives.asymmetric.mlkem
import time:       248 |        760 |                             cryptography.hazmat.primitives.asymmetric.types
import time:       182 |        182 |                               cryptography.hazmat.primitives.constant_time
import time:      1325 |       1507 |                             cryptography.x509.extensions
import time:       451 |       3547 |                           cryptography.x509.base
import time:       242 |       9177 |                         cryptography.x509
import time:       261 |       9437 |                       joserfc._rfc7517.pem
import time:       279 |       9715 |                     joserfc._rfc7518.rsa_key
import time:       198 |        198 |                         cryptography.hazmat.primitives.kdf
import time:       430 |        628 |                       cryptography.hazmat.primitives.kdf.hkdf
import time:       208 |        208 |                       cryptography.hazmat.primitives.kdf.pbkdf2
import time:       512 |       1347 |                     joserfc._rfc7518.ec_key
import time:       289 |        289 |                       joserfc._rfc8037
import time:       526 |        814 |                     joserfc._rfc8037.okp_key
import time:       225 |      13709 |                   joserfc._keys
import time:       228 |      13936 |                 joserfc._rfc7515.registry
import time:       183 |        183 |                 joserfc._rfc7515.compact
import time:       231 |        231 |                 joserfc._rfc7515.json
import time:       197 |        197 |                   joserfc._rfc7797
import time:       181 |        377 |                 joserfc._rfc7797.util
import time:       652 |        652 |                 joserfc._rfc7797.compact
import time:       108 |        108 |                 joserfc._rfc7797.json
import time:        91 |         91 |                       joserfc._rfc7518.util
import time:       464 |        555 |                     joserfc._rfc7518.jws_algs
import time:       217 |        772 |                   joserfc._rfc8812
import time:      1059 |       1831 |                 joserfc.jwk
import time:        87 |         87 |                     joserfc._rfc7516
import time:      1917 |       1917 |                     joserfc._rfc7516.models
import time:       388 |       2391 |                   joserfc._rfc7516.registry
import time:       660 |        660 |                     cryptography.hazmat.primitives.keywrap
import time:        92 |         92 |                       cryptography.hazmat.primitives.kdf.concatkdf
import time:       117 |        208 |                     joserfc._rfc7518.derive_key
import time:       316 |       1182 |                   joserfc._rfc7518.jwe_algs
import time:       150 |        150 |                     cryptography.hazmat.primitives.padding
import time:      1902 |       2052 |                   joserfc._rfc7518.jwe_encs
import time:       107 |        107 |                   joserfc._rfc7518.jwe_zips
import time:       104 |        104 |                   joserfc._rfc8037.jws_eddsa
import time:       213 |        213 |                     joserfc._rfc9864.jws_eddsa
import time:       112 |        324 |                   joserfc._rfc9864
import time:       139 |       6297 |                 joserfc.jwa
import time:       467 |      25313 |               joserfc.jws
import time:       151 |        151 |                 joserfc._rfc7516.types
import time:       215 |        215 |                 joserfc._rfc7516.message
import time:       107 |        107 |                 joserfc._rfc7516.compact
import time:       120 |        120 |                 joserfc._rfc7516.json
import time:       241 |        833 |               joserfc.jwe
import time:       382 |      27867 |             joserfc.jwt
import time:       215 |        215 |               authlib.oidc
import time:       192 |        192 |                 authlib.common.language
import time:       100 |        100 |                             authlib.oauth2.base
import time:       383 |        483 |                           authlib.oauth2.rfc6749.errors
import time:       191 |        191 |                           authlib.oauth2.rfc6749.util
import time:       327 |       1000 |                         authlib.oauth2.rfc6749.authenticate_client
import time:       117 |        117 |                           authlib.deprecate
import time:       251 |        251 |                           authlib.oauth2.rfc6749.endpoint
import time:       114 |        114 |                           authlib.oauth2.rfc6749.hooks
import time:       253 |        253 |                           authlib.oauth2.rfc6749.requests
import time:       256 |        989 |                         authlib.oauth2.rfc6749.authorization_server
import time:       253 |        253 |                             authlib.oauth2.rfc6749.grants.base
import time:       444 |        697 |                           authlib.oauth2.rfc6749.grants.authorization_code
import time:       238 |        238 |                           authlib.oauth2.rfc6749.grants.client_credentials
import time:       182 |        182 |                           authlib.oauth2.rfc6749.grants.implicit
import time:       208 |        208 |                           authlib.oauth2.rfc6749.grants.refresh_token
import time:       138 |        138 |                           authlib.oauth2.rfc6749.grants.resource_owner_password_credentials
import time:       231 |       1692 |                         authlib.oauth2.rfc6749.grants
import time:       231 |        231 |                         authlib.oauth2.rfc6749.models
import time:       227 |        227 |                         authlib.oauth2.rfc6749.resource_protector
import time:       100 |        100 |                         authlib.oauth2.rfc6749.token_endpoint
import time:        97 |         97 |                         authlib.oauth2.rfc6749.wrappers
import time:       403 |       4736 |                       authlib.oauth2.rfc6749
import time:       281 |        281 |                         authlib.oauth2.rfc6750.errors
import time:       272 |        272 |                         authlib.oauth2.rfc6750.parameters
import time:       107 |        107 |                         authlib.oauth2.rfc6750.token
import time:        90 |         90 |                         authlib.oauth2.rfc6750.validator
import time:       115 |        863 |                       authlib.oauth2.rfc6750
import time:       301 |       5899 |                     authlib.oauth2.auth
import time:       232 |        232 |                       authlib.oauth2.rfc6749.parameters
import time:       121 |        121 |                         authlib.oauth2.rfc7009.parameters
import time:       215 |        215 |                         authlib.oauth2.rfc7009.revocation
import time:       214 |        549 |                       authlib.oauth2.rfc7009
import time:       302 |        302 |                         authlib.oauth2.rfc7636.challenge
import time:       240 |        541 |                       authlib.oauth2.rfc7636
import time:       238 |       1559 |                     authlib.oauth2.client
import time:       194 |       7650 |                   authlib.oauth2
import time:       300 |       7950 |                 authlib.oauth2.claims
import time:        99 |         99 |                 authlib.oidc.core.util
import time:       413 |       8652 |               authlib.oidc.core.claims
import time:       100 |        100 |                   authlib._joserfc_helpers
import time:        98 |         98 |                   authlib.oidc.core.models
import time:        93 |         93 |                   authlib.oidc.core.grants._legacy
import time:       152 |        152 |                     authlib.oidc.core.errors
import time:       251 |        403 |                   authlib.oidc.core.grants.util
import time:       406 |       1098 |                 authlib.oidc.core.grants.code
import time:       240 |        240 |                   authlib.oidc.core.grants.implicit
import time:       128 |        368 |                 authlib.oidc.core.grants.hybrid
import time:       122 |       1587 |               authlib.oidc.core.grants
import time:       289 |        289 |               authlib.oidc.core.userinfo
import time:       294 |      11034 |             authlib.oidc.core
import time:       128 |      39275 |           authlib.integrations.base_client.sync_openid
import time:       510 |      42664 |         authlib.integrations.base_client
import time:       266 |        266 |           authlib.integrations.base_client.async_app
import time:       108 |        108 |           authlib.integrations.base_client.async_openid
import time:       303 |        303 |                     authlib.oauth1.rfc5849.errors
import time:       245 |        245 |                       authlib.oauth1.rfc5849.util
import time:       234 |        479 |                     authlib.oauth1.rfc5849.signature
import time:       205 |        986 |                   authlib.oauth1.rfc5849.base_server
import time:       477 |       1462 |                 authlib.oauth1.rfc5849.authorization_server
import time:       180 |        180 |                   authlib.oauth1.rfc5849.parameters
import time:       269 |        269 |                   authlib.oauth1.rfc5849.wrapper
import time:       279 |        727 |                 authlib.oauth1.rfc5849.client_auth
import time:       304 |        304 |                 authlib.oauth1.rfc5849.models
import time:       143 |        143 |                 authlib.oauth1.rfc5849.resource_protector
import time:       169 |       2803 |               authlib.oauth1.rfc5849
import time:       287 |       3090 |             authlib.oauth1
import time:       234 |        234 |                 httpx.__version__
import time:       459 |        459 |                       httpx._exceptions
import time:      1618 |       1618 |                         http.cookiejar
import time:      1121 |       1121 |                             httpx._types
import time:       246 |        246 |                             httpx._utils
import time:       470 |       1836 |                           httpx._multipart
import time:      1598 |       3433 |                         httpx._content
import time:        58 |         58 |                           brotli
import time:        41 |         41 |                           brotlicffi
import time:      2050 |       2050 |                             zstandard.backend_c
import time:       376 |       2425 |                           zstandard
import time:       318 |       2841 |                         httpx._decoders
import time:       621 |        621 |                         httpx._status_codes
import time:      4514 |       4514 |                               unicodedata
import time:       267 |        267 |                               idna.idnadata
import time:       178 |        178 |                               idna.intranges
import time:       540 |       5498 |                             idna.core
import time:       190 |        190 |                             idna.package_data
import time:       243 |       5929 |                           idna
import time:      1518 |       1518 |                           httpx._urlparse
import time:       309 |       7755 |                         httpx._urls
import time:       557 |      16823 |                       httpx._models
import time:       353 |      17634 |                     httpx._auth
import time:       291 |        291 |                     httpx._config
import time:       127 |        127 |                           httpx._transports.base
import time:       315 |        442 |                         httpx._transports.asgi
import time:       385 |        385 |                         httpx._transports.default
import time:       144 |        144 |                         httpx._transports.mock
import time:       327 |        327 |                         httpx._transports.wsgi
import time:       269 |       1564 |                       httpx._transports
import time:        10 |       1574 |                     httpx._transports.base
import time:      2101 |      21599 |                   httpx._client
import time:       227 |      21825 |                 httpx._api
import time:       472 |        472 |                         click._compat
import time:       199 |        199 |                           click.globals
import time:       273 |        273 |                           click.utils
import time:       350 |        820 |                         click.exceptions
import time:      1156 |       2447 |                       click.types
import time:       322 |        322 |                       click._utils
import time:      1305 |       1305 |                         click.parser
import time:       280 |       1585 |                       click.formatting
import time:      1348 |       1348 |                       click.termui
import time:       888 |       6587 |                     click.core
import time:       306 |        306 |                     click.decorators
import time:       402 |       7295 |                   click
import time:       203 |        203 |                     pygments
import time:      2809 |       2809 |                     pygments.lexers._mapping
import time:       284 |        284 |                     pygments.modeline
import time:       166 |        166 |                     pygments.plugin
import time:       543 |        543 |                     pygments.util
import time:      3528 |       7530 |                   pygments.lexers
import time:       329 |        329 |                       rich._extension
import time:       430 |        758 |                     rich
import time:       255 |        255 |                     rich._null_file
import time:       276 |        276 |                     rich.errors
import time:       279 |        279 |                                 rich.color_triplet
import time:      1496 |       1775 |                               rich.palette
import time:       898 |       2672 |                             rich._palettes
import time:       451 |        451 |                             rich.repr
import time:       293 |        293 |                             rich.terminal_theme
import time:       706 |       4121 |                           rich.color
import time:       427 |       4548 |                         rich.style
import time:      1707 |       6254 |                       rich.default_styles
import time:       447 |        447 |                       rich.theme
import time:       249 |       6948 |                     rich.themes
import time:       918 |        918 |                     rich._emoji_replace
import time:      1278 |       1278 |                     rich._export_format
import time:       180 |        180 |                     rich._fileno
import time:       203 |        203 |                         rich._loop
import time:       861 |        861 |                         rich._pick
import time:       364 |        364 |                               rich._unicode_data._versions
import time:       267 |        631 |                             rich._unicode_data
import time:       389 |       1019 |                           rich.cells
import time:       246 |       1265 |                         rich._wrap
import time:      1705 |       1705 |                               rich.segment
import time:       278 |       1983 |                             rich.jupyter
import time:       180 |        180 |                               rich.protocol
import time:       866 |       1046 |                             rich.measure
import time:       175 |       3203 |                           rich.constrain
import time:       308 |       3510 |                         rich.align
import time:       359 |        359 |                         rich.containers
import time:       254 |        254 |                         rich.control
import time:       232 |        232 |                         rich.emoji
import time:       669 |       7349 |                       rich.text
import time:       200 |       7549 |                     rich._log_render
import time:       704 |        704 |                     rich.highlighter
import time:      1837 |       1837 |                     rich.markup
import time:       663 |        663 |                     rich.pager
import time:       229 |        229 |                     rich.region
import time:      1299 |       1299 |                     rich.screen
import time:      1231 |       1231 |                     rich.styled
import time:      1760 |      25878 |                   rich.console
import time:      2304 |       2304 |                     mmap
import time:       199 |        199 |                     rich.filesize
import time:       457 |        457 |                         rich.ansi
import time:       227 |        684 |                       rich.file_proxy
import time:       222 |        222 |                       rich.live_render
import time:      1122 |       2026 |                     rich.live
import time:       683 |        683 |                     rich.progress_bar
import time:       239 |        239 |                       rich._spinners
import time:      1747 |       1747 |                         rich.box
import time:       287 |        287 |                         rich._ratio
import time:       247 |        247 |                         rich.padding
import time:       982 |       3261 |                       rich.table
import time:       181 |       3680 |                     rich.spinner
import time:      1295 |      10185 |                   rich.progress
import time:       231 |        231 |                       pygments.filter
import time:       275 |        275 |                         pygments.token
import time:       390 |        665 |                       pygments.filters
import time:       289 |        289 |                       pygments.regexopt
import time:      1408 |       2591 |                     pygments.lexer
import time:       637 |        637 |                     pygments.style
import time:       247 |        247 |                       pygments.styles._mapping
import time:       201 |        447 |                     pygments.styles
import time:       505 |       4179 |                   rich.syntax
import time:      1463 |      56527 |                 httpx._main
import time:       216 |      78801 |               httpx
import time:       202 |        202 |                 authlib.oauth2.rfc7521.client
import time:      1573 |       1775 |               authlib.oauth2.rfc7521
import time:       212 |        212 |                 authlib.oauth2.rfc7523.assertion
import time:       590 |        590 |                   authlib.oauth2.rfc7523.client
import time:      2728 |       3317 |                 authlib.oauth2.rfc7523.auth
import time:       317 |        317 |                 authlib.oauth2.rfc7523.jwt_bearer
import time:       310 |        310 |                 authlib.oauth2.rfc7523.token
import time:       211 |        211 |                 authlib.oauth2.rfc7523.validator
import time:       235 |       4599 |               authlib.oauth2.rfc7523
import time:       172 |        172 |                 authlib.integrations.httpx_client.utils
import time:       881 |       1052 |               authlib.integrations.httpx_client.oauth2_client
import time:       366 |      86591 |             authlib.integrations.httpx_client.assertion_client
import time:       131 |        131 |               authlib.oauth1.client
import time:       294 |        424 |             authlib.integrations.httpx_client.oauth1_client
import time:       249 |      90353 |           authlib.integrations.httpx_client
import time:       487 |      91214 |         authlib.integrations.starlette_client.apps
import time:       186 |        186 |         authlib.integrations.starlette_client.integration
import time:       932 |     136895 |       authlib.integrations.starlette_client
import time:       130 |     137025 |     backend.app.auth.oauth
import time:       110 |        110 |       backend.app.database
import time:       283 |        283 |             sqlalchemy.dialects.sqlite.json
import time:      1192 |       1475 |           sqlalchemy.dialects.sqlite.base
import time:      1364 |       1364 |           sqlalchemy.dialects.sqlite.pysqlite
import time:      1055 |       1055 |             sqlalchemy.connectors
import time:      1376 |       2430 |           sqlalchemy.connectors.asyncio
import time:       596 |       5864 |         sqlalchemy.dialects.sqlite.aiosqlite
import time:       250 |        250 |         sqlalchemy.dialects.sqlite.pysqlcipher
import time:       355 |        355 |           sqlalchemy.dialects._typing
import time:       508 |        862 |         sqlalchemy.dialects.sqlite.dml
import time:       554 |       7528 |       sqlalchemy.dialects.sqlite
import time:      4499 |       4499 |           _sqlite3
import time:       205 |       4704 |         sqlite3.dbapi2
import time:      1222 |       5925 |       sqlite3
import time:      1273 |      14834 |     backend.app.database.session
import time:  24306225 |   24306225 |           backend.app.database.base
import time:  22617113 |   46923338 |         backend.app.models.users
import time:  10156728 |   10156728 |         backend.app.models.email
import time:  18612374 |   18612374 |         backend.app.models.email_thread
import time:   7824641 |    7824641 |         backend.app.models.email_attachment
import time:  21431700 |   21431700 |         backend.app.models.email_category
import time:   7172513 |    7172513 |         backend.app.models.draft_reply
import time:   5782020 |    5782020 |         backend.app.models.approval
import time:      4377 |  117907687 |       backend.app.models
import time:        71 |  117907758 |     backend.app.models.users
import time:       340 |  118291905 |   backend.app.api.auth
import time:      1929 |  118689642 | backend.app.main
Traceback (most recent call last):
  File "<string>", line 1, in <module>
  File "/Users/kartikaybhardwaj/Desktop/INQUIREA/backend/app/main.py", line 7, in <module>
    from backend.app.api.auth import router as auth_router
  File "/Users/kartikaybhardwaj/Desktop/INQUIREA/backend/app/api/auth.py", line 14, in <module>
    from backend.app.models.users import User
  File "/Users/kartikaybhardwaj/Desktop/INQUIREA/backend/app/models/__init__.py", line 9, in <module>
    from backend.app.models.approval import Approval
  File "<frozen importlib._bootstrap>", line 1027, in _find_and_load
  File "<frozen importlib._bootstrap>", line 1006, in _find_and_load_unlocked
  File "<frozen importlib._bootstrap>", line 688, in _load_unlocked
  File "<frozen importlib._bootstrap_external>", line 879, in exec_module
  File "<frozen importlib._bootstrap_external>", line 975, in get_code
  File "<frozen importlib._bootstrap_external>", line 1074, in get_data
KeyboardInterrupt
